c:\users\kebrick\desktop\project1\project1\debug\vc141.pdb
c:\users\kebrick\desktop\project1\project1\debug\.netframework,version=v4.6.1.assemblyattributes.obj
c:\users\kebrick\desktop\project1\project1\debug\.netframework,version=v4.6.1.assemblyattributes.asm
c:\users\kebrick\desktop\project1\project1\debug\myform.obj
c:\users\kebrick\desktop\project1\project1\debug\project1.myform.resources
c:\users\kebrick\desktop\project1\debug\kripnot.exe
c:\users\kebrick\desktop\project1\debug\kripnot.pdb
c:\users\kebrick\desktop\курсовая программирование конец 2018\project1\project1\debug\project1.vcxproj.generateresource.cache
c:\users\kebrick\desktop\курсовая программирование конец 2018\project1\project1\debug\project1.vcxprojassemblyreference.cache
c:\users\kebrick\desktop\курсовая программирование конец 2018\project1\project1\debug\.netframework,version=v4.6.1.assemblyattributes.obj
c:\users\kebrick\desktop\курсовая программирование конец 2018\project1\project1\debug\myform.obj
c:\users\kebrick\desktop\курсовая программирование конец 2018\project1\project1\debug\project1.myform.resources
c:\users\kebrick\desktop\курсовая программирование конец 2018\project1\project1\debug\vc141.pdb
c:\users\kebrick\desktop\курсовая программирование конец 2018\project1\debug\kripnot.pdb
c:\users\kebrick\desktop\курсовая программирование конец 2018\project1\debug\kripnot.exe
c:\users\kebrick\desktop\курсовая программирование конец 2018\project1\project1\debug\kripnot.tlog\cl.command.1.tlog
c:\users\kebrick\desktop\курсовая программирование конец 2018\project1\project1\debug\kripnot.tlog\cl.read.1.tlog
c:\users\kebrick\desktop\курсовая программирование конец 2018\project1\project1\debug\kripnot.tlog\cl.write.1.tlog
c:\users\kebrick\desktop\курсовая программирование конец 2018\project1\project1\debug\kripnot.tlog\kripnot.write.1u.tlog
c:\users\kebrick\desktop\курсовая программирование конец 2018\project1\project1\debug\kripnot.tlog\link.command.1.tlog
c:\users\kebrick\desktop\курсовая программирование конец 2018\project1\project1\debug\kripnot.tlog\link.read.1.tlog
c:\users\kebrick\desktop\курсовая программирование конец 2018\project1\project1\debug\kripnot.tlog\link.write.1.tlog
c:\users\kebrick\desktop\курсовая программирование конец 2018\project1\project1\debug\kripnot.tlog\metagen.read.1.tlog
c:\users\kebrick\desktop\курсовая программирование конец 2018\project1\project1\debug\kripnot.tlog\metagen.write.1.tlog
